  [1m[36m (10.0ms)[0m  [1mCREATE TABLE "schema_migrations" ("version" varchar NOT NULL) [0m
  [1m[35m (0.2ms)[0m  select sqlite_version(*)
  [1m[36m (6.2ms)[0m  [1mCREATE UNIQUE INDEX "unique_schema_migrations" ON "schema_migrations" ("version")[0m
  [1m[35mActiveRecord::SchemaMigration Load (0.1ms)[0m  SELECT "schema_migrations".* FROM "schema_migrations"
Migrating to CreateTodoItems (20201122112048)
  [1m[36m (0.1ms)[0m  [1mbegin transaction[0m
  [1m[35m (0.4ms)[0m  CREATE TABLE "todo_items" ("id" INTEGER PRIMARY KEY AUTOINCREMENT NOT NULL, "due_date" date, "title" varchar, "description" text, "completed" boolean, "created_at" datetime NOT NULL, "updated_at" datetime NOT NULL) 
  [1m[36mSQL (0.1ms)[0m  [1mINSERT INTO "schema_migrations" ("version") VALUES (?)[0m  [["version", "20201122112048"]]
  [1m[35m (6.0ms)[0m  commit transaction
  [1m[36mActiveRecord::SchemaMigration Load (0.1ms)[0m  [1mSELECT "schema_migrations".* FROM "schema_migrations"[0m
  [1m[36mTodoItem Load (0.7ms)[0m  [1mSELECT "todo_items".* FROM "todo_items"[0m
  [1m[35m (0.2ms)[0m  SELECT COUNT(*) FROM "todo_items"
  [1m[36mActiveRecord::SchemaMigration Load (0.1ms)[0m  [1mSELECT "schema_migrations".* FROM "schema_migrations"[0m
  [1m[35mTodoItem Load (0.1ms)[0m  SELECT "todo_items".* FROM "todo_items"
  [1m[36m (0.1ms)[0m  [1mbegin transaction[0m
  [1m[35mSQL (0.2ms)[0m  INSERT INTO "todo_items" ("title", "due_date", "description", "completed", "created_at", "updated_at") VALUES (?, ?, ?, ?, ?, ?)  [["title", "Task 1"], ["due_date", "2020-11-22"], ["description", "very important task TEST"], ["completed", "f"], ["created_at", "2020-11-22 11:39:57.990073"], ["updated_at", "2020-11-22 11:39:57.990073"]]
  [1m[36m (5.1ms)[0m  [1mcommit transaction[0m
  [1m[35m (0.0ms)[0m  begin transaction
  [1m[36mSQL (0.1ms)[0m  [1mINSERT INTO "todo_items" ("title", "due_date", "description", "completed", "created_at", "updated_at") VALUES (?, ?, ?, ?, ?, ?)[0m  [["title", "Task 2"], ["due_date", "2020-11-20"], ["description", "learn ruby TEST"], ["completed", "t"], ["created_at", "2020-11-22 11:39:57.997055"], ["updated_at", "2020-11-22 11:39:57.997055"]]
  [1m[35m (4.7ms)[0m  commit transaction
  [1m[36m (0.1ms)[0m  [1mbegin transaction[0m
  [1m[35mSQL (0.1ms)[0m  INSERT INTO "todo_items" ("title", "due_date", "description", "completed", "created_at", "updated_at") VALUES (?, ?, ?, ?, ?, ?)  [["title", "Task 3"], ["due_date", "2020-11-19"], ["description", "learn Active Record TEST"], ["completed", "t"], ["created_at", "2020-11-22 11:39:58.003270"], ["updated_at", "2020-11-22 11:39:58.003270"]]
  [1m[36m (4.6ms)[0m  [1mcommit transaction[0m
  [1m[36m (0.1ms)[0m  [1mSELECT COUNT(*) FROM "todo_items"[0m


Started GET "/" for 127.0.0.1 at 2020-11-22 18:40:38 +0700
  [1m[36mActiveRecord::SchemaMigration Load (0.1ms)[0m  [1mSELECT "schema_migrations".* FROM "schema_migrations"[0m
Processing by Rails::WelcomeController#index as HTML
  Rendered /usr/local/lib/ruby/gems/2.7.0/gems/railties-4.2.8/lib/rails/templates/rails/welcome/index.html.erb (2.5ms)
Completed 200 OK in 18ms (Views: 9.5ms | ActiveRecord: 0.0ms)


Started GET "/todo_item" for 127.0.0.1 at 2020-11-22 18:40:54 +0700

ActionController::RoutingError (No route matches [GET] "/todo_item"):
  actionpack (4.2.8) lib/action_dispatch/middleware/debug_exceptions.rb:21:in `call'
  web-console (2.3.0) lib/web_console/middleware.rb:28:in `block in call'
  web-console (2.3.0) lib/web_console/middleware.rb:18:in `catch'
  web-console (2.3.0) lib/web_console/middleware.rb:18:in `call'
  actionpack (4.2.8) lib/action_dispatch/middleware/show_exceptions.rb:30:in `call'
  railties (4.2.8) lib/rails/rack/logger.rb:38:in `call_app'
  railties (4.2.8) lib/rails/rack/logger.rb:20:in `block in call'
  activesupport (4.2.8) lib/active_support/tagged_logging.rb:68:in `block in tagged'
  activesupport (4.2.8) lib/active_support/tagged_logging.rb:26:in `tagged'
  activesupport (4.2.8) lib/active_support/tagged_logging.rb:68:in `tagged'
  railties (4.2.8) lib/rails/rack/logger.rb:20:in `call'
  actionpack (4.2.8) lib/action_dispatch/middleware/request_id.rb:21:in `call'
  rack (1.6.13) lib/rack/methodoverride.rb:22:in `call'
  rack (1.6.13) lib/rack/runtime.rb:18:in `call'
  activesupport (4.2.8) lib/active_support/cache/strategy/local_cache_middleware.rb:28:in `call'
  rack (1.6.13) lib/rack/lock.rb:17:in `call'
  actionpack (4.2.8) lib/action_dispatch/middleware/static.rb:120:in `call'
  rack (1.6.13) lib/rack/sendfile.rb:113:in `call'
  railties (4.2.8) lib/rails/engine.rb:518:in `call'
  railties (4.2.8) lib/rails/application.rb:165:in `call'
  rack (1.6.13) lib/rack/lock.rb:17:in `call'
  rack (1.6.13) lib/rack/content_length.rb:15:in `call'
  rack (1.6.13) lib/rack/handler/webrick.rb:88:in `service'
  /usr/local/lib/ruby/2.7.0/webrick/httpserver.rb:140:in `service'
  /usr/local/lib/ruby/2.7.0/webrick/httpserver.rb:96:in `run'
  /usr/local/lib/ruby/2.7.0/webrick/server.rb:307:in `block in start_thread'


  Rendered /usr/local/lib/ruby/gems/2.7.0/gems/actionpack-4.2.8/lib/action_dispatch/middleware/templates/rescues/_trace.html.erb (1.1ms)
  Rendered /usr/local/lib/ruby/gems/2.7.0/gems/actionpack-4.2.8/lib/action_dispatch/middleware/templates/routes/_route.html.erb (2.3ms)
  Rendered /usr/local/lib/ruby/gems/2.7.0/gems/actionpack-4.2.8/lib/action_dispatch/middleware/templates/routes/_table.html.erb (6.7ms)
  Rendered /usr/local/lib/ruby/gems/2.7.0/gems/actionpack-4.2.8/lib/action_dispatch/middleware/templates/rescues/_request_and_response.html.erb (0.8ms)
  Rendered /usr/local/lib/ruby/gems/2.7.0/gems/actionpack-4.2.8/lib/action_dispatch/middleware/templates/rescues/routing_error.html.erb within rescues/layout (33.9ms)
  Rendered /usr/local/lib/ruby/gems/2.7.0/gems/web-console-2.3.0/lib/web_console/templates/_markup.html.erb (0.8ms)
  Rendered /usr/local/lib/ruby/gems/2.7.0/gems/web-console-2.3.0/lib/web_console/templates/_inner_console_markup.html.erb within layouts/inlined_string (0.4ms)
  Rendered /usr/local/lib/ruby/gems/2.7.0/gems/web-console-2.3.0/lib/web_console/templates/_prompt_box_markup.html.erb within layouts/inlined_string (0.3ms)
  Rendered /usr/local/lib/ruby/gems/2.7.0/gems/web-console-2.3.0/lib/web_console/templates/style.css.erb within layouts/inlined_string (0.3ms)
  Rendered /usr/local/lib/ruby/gems/2.7.0/gems/web-console-2.3.0/lib/web_console/templates/console.js.erb within layouts/javascript (16.3ms)
  Rendered /usr/local/lib/ruby/gems/2.7.0/gems/web-console-2.3.0/lib/web_console/templates/main.js.erb within layouts/javascript (0.4ms)
  Rendered /usr/local/lib/ruby/gems/2.7.0/gems/web-console-2.3.0/lib/web_console/templates/error_page.js.erb within layouts/javascript (0.5ms)
  Rendered /usr/local/lib/ruby/gems/2.7.0/gems/web-console-2.3.0/lib/web_console/templates/index.html.erb (32.3ms)


Started GET "/todo_items" for 127.0.0.1 at 2020-11-22 18:41:06 +0700
Processing by TodoItemsController#index as HTML
  [1m[35mTodoItem Load (0.2ms)[0m  SELECT "todo_items".* FROM "todo_items"
  Rendered todo_items/index.html.erb within layouts/application (7.0ms)
Completed 200 OK in 1404ms (Views: 1401.0ms | ActiveRecord: 0.6ms)


Started GET "/assets/scaffolds.self-cde7f197573d039c31686a2b76dac0c28b1ecc9058fa5af7f4af7b0bdf7586b4.css?body=1" for 127.0.0.1 at 2020-11-22 18:41:07 +0700


Started GET "/assets/todo_items.self-e3b0c44298fc1c149afbf4c8996fb92427ae41e4649b934ca495991b7852b855.css?body=1" for 127.0.0.1 at 2020-11-22 18:41:07 +0700


Started GET "/assets/todo_items.self-877aef30ae1b040ab8a3aba4e3e309a11d7f2612f44dde450b5c157aa5f95c05.js?body=1" for 127.0.0.1 at 2020-11-22 18:41:07 +0700


Started GET "/assets/turbolinks.self-569ee74eaa15c1e2019317ff770b8769b1ec033a0f572a485f64c82ddc8f989e.js?body=1" for 127.0.0.1 at 2020-11-22 18:41:07 +0700


Started GET "/assets/application.self-e80e8f2318043e8af94dddc2adad5a4f09739a8ebb323b3ab31cd71d45fd9113.css?body=1" for 127.0.0.1 at 2020-11-22 18:41:07 +0700


Started GET "/assets/jquery_ujs.self-784a997f6726036b1993eb2217c9cb558e1cbb801c6da88105588c56f13b466a.js?body=1" for 127.0.0.1 at 2020-11-22 18:41:07 +0700


Started GET "/assets/application.self-3b8dabdc891efe46b9a144b400ad69e37d7e5876bdc39dee783419a69d7ca819.js?body=1" for 127.0.0.1 at 2020-11-22 18:41:07 +0700


Started GET "/assets/jquery.self-bd7ddd393353a8d2480a622e80342adf488fb6006d667e8b42e4c0073393abee.js?body=1" for 127.0.0.1 at 2020-11-22 18:41:07 +0700


Started GET "/todo_items/1" for 127.0.0.1 at 2020-11-22 18:41:16 +0700
Processing by TodoItemsController#show as HTML
  Parameters: {"id"=>"1"}
  [1m[36mTodoItem Load (0.3ms)[0m  [1mSELECT  "todo_items".* FROM "todo_items" WHERE "todo_items"."id" = ? LIMIT 1[0m  [["id", 1]]
  Rendered todo_items/show.html.erb within layouts/application (1.5ms)
Completed 200 OK in 22ms (Views: 12.3ms | ActiveRecord: 0.3ms)


Started GET "/todo_items/1/EDIT" for 127.0.0.1 at 2020-11-22 18:41:22 +0700

ActionController::RoutingError (No route matches [GET] "/todo_items/1/EDIT"):
  actionpack (4.2.8) lib/action_dispatch/middleware/debug_exceptions.rb:21:in `call'
  web-console (2.3.0) lib/web_console/middleware.rb:28:in `block in call'
  web-console (2.3.0) lib/web_console/middleware.rb:18:in `catch'
  web-console (2.3.0) lib/web_console/middleware.rb:18:in `call'
  actionpack (4.2.8) lib/action_dispatch/middleware/show_exceptions.rb:30:in `call'
  railties (4.2.8) lib/rails/rack/logger.rb:38:in `call_app'
  railties (4.2.8) lib/rails/rack/logger.rb:20:in `block in call'
  activesupport (4.2.8) lib/active_support/tagged_logging.rb:68:in `block in tagged'
  activesupport (4.2.8) lib/active_support/tagged_logging.rb:26:in `tagged'
  activesupport (4.2.8) lib/active_support/tagged_logging.rb:68:in `tagged'
  railties (4.2.8) lib/rails/rack/logger.rb:20:in `call'
  actionpack (4.2.8) lib/action_dispatch/middleware/request_id.rb:21:in `call'
  rack (1.6.13) lib/rack/methodoverride.rb:22:in `call'
  rack (1.6.13) lib/rack/runtime.rb:18:in `call'
  activesupport (4.2.8) lib/active_support/cache/strategy/local_cache_middleware.rb:28:in `call'
  rack (1.6.13) lib/rack/lock.rb:17:in `call'
  actionpack (4.2.8) lib/action_dispatch/middleware/static.rb:120:in `call'
  rack (1.6.13) lib/rack/sendfile.rb:113:in `call'
  railties (4.2.8) lib/rails/engine.rb:518:in `call'
  railties (4.2.8) lib/rails/application.rb:165:in `call'
  rack (1.6.13) lib/rack/lock.rb:17:in `call'
  rack (1.6.13) lib/rack/content_length.rb:15:in `call'
  rack (1.6.13) lib/rack/handler/webrick.rb:88:in `service'
  /usr/local/lib/ruby/2.7.0/webrick/httpserver.rb:140:in `service'
  /usr/local/lib/ruby/2.7.0/webrick/httpserver.rb:96:in `run'
  /usr/local/lib/ruby/2.7.0/webrick/server.rb:307:in `block in start_thread'


  Rendered /usr/local/lib/ruby/gems/2.7.0/gems/actionpack-4.2.8/lib/action_dispatch/middleware/templates/rescues/_trace.html.erb (1.4ms)
  Rendered /usr/local/lib/ruby/gems/2.7.0/gems/actionpack-4.2.8/lib/action_dispatch/middleware/templates/routes/_route.html.erb (0.6ms)
  Rendered /usr/local/lib/ruby/gems/2.7.0/gems/actionpack-4.2.8/lib/action_dispatch/middleware/templates/routes/_table.html.erb (0.8ms)
  Rendered /usr/local/lib/ruby/gems/2.7.0/gems/actionpack-4.2.8/lib/action_dispatch/middleware/templates/rescues/_request_and_response.html.erb (1.5ms)
  Rendered /usr/local/lib/ruby/gems/2.7.0/gems/actionpack-4.2.8/lib/action_dispatch/middleware/templates/rescues/routing_error.html.erb within rescues/layout (13.9ms)
  Rendered /usr/local/lib/ruby/gems/2.7.0/gems/web-console-2.3.0/lib/web_console/templates/_markup.html.erb (0.3ms)
  Rendered /usr/local/lib/ruby/gems/2.7.0/gems/web-console-2.3.0/lib/web_console/templates/_inner_console_markup.html.erb within layouts/inlined_string (0.2ms)
  Rendered /usr/local/lib/ruby/gems/2.7.0/gems/web-console-2.3.0/lib/web_console/templates/_prompt_box_markup.html.erb within layouts/inlined_string (0.2ms)
  Rendered /usr/local/lib/ruby/gems/2.7.0/gems/web-console-2.3.0/lib/web_console/templates/style.css.erb within layouts/inlined_string (0.8ms)
  Rendered /usr/local/lib/ruby/gems/2.7.0/gems/web-console-2.3.0/lib/web_console/templates/console.js.erb within layouts/javascript (10.4ms)
  Rendered /usr/local/lib/ruby/gems/2.7.0/gems/web-console-2.3.0/lib/web_console/templates/main.js.erb within layouts/javascript (0.4ms)
  Rendered /usr/local/lib/ruby/gems/2.7.0/gems/web-console-2.3.0/lib/web_console/templates/error_page.js.erb within layouts/javascript (0.6ms)
  Rendered /usr/local/lib/ruby/gems/2.7.0/gems/web-console-2.3.0/lib/web_console/templates/index.html.erb (20.6ms)


Started GET "/todo_items/1/edit" for 127.0.0.1 at 2020-11-22 18:41:25 +0700
Processing by TodoItemsController#edit as HTML
  Parameters: {"id"=>"1"}
  [1m[35mTodoItem Load (0.2ms)[0m  SELECT  "todo_items".* FROM "todo_items" WHERE "todo_items"."id" = ? LIMIT 1  [["id", 1]]
  Rendered todo_items/_form.html.erb (13.0ms)
  Rendered todo_items/edit.html.erb within layouts/application (14.4ms)
Completed 200 OK in 32ms (Views: 27.5ms | ActiveRecord: 0.2ms)


Started GET "/todo_items/4/edit" for 127.0.0.1 at 2020-11-22 18:41:38 +0700
Processing by TodoItemsController#edit as HTML
  Parameters: {"id"=>"4"}
  [1m[36mTodoItem Load (0.1ms)[0m  [1mSELECT  "todo_items".* FROM "todo_items" WHERE "todo_items"."id" = ? LIMIT 1[0m  [["id", 4]]
Completed 404 Not Found in 3ms (ActiveRecord: 0.1ms)

ActiveRecord::RecordNotFound (Couldn't find TodoItem with 'id'=4):
  app/controllers/todo_items_controller.rb:67:in `set_todo_item'


  Rendered /usr/local/lib/ruby/gems/2.7.0/gems/actionpack-4.2.8/lib/action_dispatch/middleware/templates/rescues/_source.erb (4.5ms)
  Rendered /usr/local/lib/ruby/gems/2.7.0/gems/actionpack-4.2.8/lib/action_dispatch/middleware/templates/rescues/_trace.html.erb (1.8ms)
  Rendered /usr/local/lib/ruby/gems/2.7.0/gems/actionpack-4.2.8/lib/action_dispatch/middleware/templates/rescues/_request_and_response.html.erb (0.9ms)
  Rendered /usr/local/lib/ruby/gems/2.7.0/gems/actionpack-4.2.8/lib/action_dispatch/middleware/templates/rescues/diagnostics.html.erb within rescues/layout (15.3ms)
  Rendered /usr/local/lib/ruby/gems/2.7.0/gems/web-console-2.3.0/lib/web_console/templates/_markup.html.erb (0.7ms)
  Rendered /usr/local/lib/ruby/gems/2.7.0/gems/web-console-2.3.0/lib/web_console/templates/_inner_console_markup.html.erb within layouts/inlined_string (0.3ms)
  Rendered /usr/local/lib/ruby/gems/2.7.0/gems/web-console-2.3.0/lib/web_console/templates/_prompt_box_markup.html.erb within layouts/inlined_string (0.2ms)
  Rendered /usr/local/lib/ruby/gems/2.7.0/gems/web-console-2.3.0/lib/web_console/templates/style.css.erb within layouts/inlined_string (0.2ms)
  Rendered /usr/local/lib/ruby/gems/2.7.0/gems/web-console-2.3.0/lib/web_console/templates/console.js.erb within layouts/javascript (10.0ms)
  Rendered /usr/local/lib/ruby/gems/2.7.0/gems/web-console-2.3.0/lib/web_console/templates/main.js.erb within layouts/javascript (0.2ms)
  Rendered /usr/local/lib/ruby/gems/2.7.0/gems/web-console-2.3.0/lib/web_console/templates/error_page.js.erb within layouts/javascript (0.5ms)
  Rendered /usr/local/lib/ruby/gems/2.7.0/gems/web-console-2.3.0/lib/web_console/templates/index.html.erb (20.7ms)


Started GET "/todo_items" for 127.0.0.1 at 2020-11-22 18:44:51 +0700
Processing by TodoItemsController#index as HTML
  [1m[35mTodoItem Load (0.2ms)[0m  SELECT "todo_items".* FROM "todo_items"
  Rendered todo_items/index.html.erb within layouts/application (3.3ms)
Completed 200 OK in 32ms (Views: 31.1ms | ActiveRecord: 0.2ms)


Started GET "/todo_items/new" for 127.0.0.1 at 2020-11-22 18:58:01 +0700
Processing by TodoItemsController#new as HTML
  Rendered todo_items/_form.html.erb (4.2ms)
  Rendered todo_items/new.html.erb within layouts/application (5.2ms)
Completed 200 OK in 31ms (Views: 22.7ms | ActiveRecord: 0.5ms)
  [1m[36m (0.2ms)[0m  [1mbegin transaction[0m
  [1m[35mSQL (0.6ms)[0m  INSERT INTO "todo_items" ("created_at", "updated_at") VALUES (?, ?)  [["created_at", "2020-11-22 11:59:25.529153"], ["updated_at", "2020-11-22 11:59:25.529153"]]
  [1m[36m (5.3ms)[0m  [1mcommit transaction[0m
  [1m[36m (7.4ms)[0m  [1mCREATE TABLE "todo_items" ("id" INTEGER PRIMARY KEY AUTOINCREMENT NOT NULL, "due_date" date, "title" varchar, "description" text, "completed" boolean DEFAULT 'f', "created_at" datetime NOT NULL, "updated_at" datetime NOT NULL) [0m
  [1m[35m (8.5ms)[0m  CREATE TABLE "schema_migrations" ("version" varchar NOT NULL) 
  [1m[36m (0.1ms)[0m  [1mselect sqlite_version(*)[0m
  [1m[35m (6.2ms)[0m  CREATE UNIQUE INDEX "unique_schema_migrations" ON "schema_migrations" ("version")
  [1m[36m (0.2ms)[0m  [1mSELECT version FROM "schema_migrations"[0m
  [1m[35m (7.4ms)[0m  INSERT INTO "schema_migrations" (version) VALUES ('20201122112048')
  [1m[36m (6.7ms)[0m  [1mCREATE TABLE "todo_items" ("id" INTEGER PRIMARY KEY AUTOINCREMENT NOT NULL, "due_date" date, "title" varchar, "description" text, "completed" boolean DEFAULT 'f', "created_at" datetime NOT NULL, "updated_at" datetime NOT NULL) [0m
  [1m[35m (6.1ms)[0m  CREATE TABLE "schema_migrations" ("version" varchar NOT NULL) 
  [1m[36m (0.1ms)[0m  [1mselect sqlite_version(*)[0m
  [1m[35m (6.1ms)[0m  CREATE UNIQUE INDEX "unique_schema_migrations" ON "schema_migrations" ("version")
  [1m[36m (0.1ms)[0m  [1mSELECT version FROM "schema_migrations"[0m
  [1m[35m (7.0ms)[0m  INSERT INTO "schema_migrations" (version) VALUES ('20201122112048')
  [1m[36mActiveRecord::SchemaMigration Load (0.1ms)[0m  [1mSELECT "schema_migrations".* FROM "schema_migrations"[0m
  [1m[35mTodoItem Load (0.2ms)[0m  SELECT "todo_items".* FROM "todo_items"
  [1m[36m (0.1ms)[0m  [1mbegin transaction[0m
  [1m[35mSQL (0.2ms)[0m  INSERT INTO "todo_items" ("title", "due_date", "description", "created_at", "updated_at") VALUES (?, ?, ?, ?, ?)  [["title", "Task 1"], ["due_date", "2020-11-22"], ["description", "very important task TEST"], ["created_at", "2020-11-22 12:08:43.223075"], ["updated_at", "2020-11-22 12:08:43.223075"]]
  [1m[36m (7.0ms)[0m  [1mcommit transaction[0m
  [1m[35m (0.1ms)[0m  begin transaction
  [1m[36mSQL (0.4ms)[0m  [1mINSERT INTO "todo_items" ("title", "due_date", "description", "completed", "created_at", "updated_at") VALUES (?, ?, ?, ?, ?, ?)[0m  [["title", "Task 2"], ["due_date", "2020-11-20"], ["description", "learn ruby TEST"], ["completed", "t"], ["created_at", "2020-11-22 12:08:43.232184"], ["updated_at", "2020-11-22 12:08:43.232184"]]
  [1m[35m (5.1ms)[0m  commit transaction
  [1m[36m (0.1ms)[0m  [1mbegin transaction[0m
  [1m[35mSQL (0.2ms)[0m  INSERT INTO "todo_items" ("title", "due_date", "description", "completed", "created_at", "updated_at") VALUES (?, ?, ?, ?, ?, ?)  [["title", "Task 3"], ["due_date", "2020-11-19"], ["description", "learn Active Record TEST"], ["completed", "t"], ["created_at", "2020-11-22 12:08:43.240025"], ["updated_at", "2020-11-22 12:08:43.240025"]]
  [1m[36m (7.0ms)[0m  [1mcommit transaction[0m
  [1m[36mActiveRecord::SchemaMigration Load (0.1ms)[0m  [1mSELECT "schema_migrations".* FROM "schema_migrations"[0m
  [1m[35mTodoItem Load (0.1ms)[0m  SELECT "todo_items".* FROM "todo_items"
  [1m[36m (0.1ms)[0m  [1mbegin transaction[0m
  [1m[35mSQL (0.2ms)[0m  DELETE FROM "todo_items" WHERE "todo_items"."id" = ?  [["id", 1]]
  [1m[36m (5.3ms)[0m  [1mcommit transaction[0m
  [1m[35m (0.1ms)[0m  begin transaction
  [1m[36mSQL (0.2ms)[0m  [1mDELETE FROM "todo_items" WHERE "todo_items"."id" = ?[0m  [["id", 2]]
  [1m[35m (4.7ms)[0m  commit transaction
  [1m[36m (0.1ms)[0m  [1mbegin transaction[0m
  [1m[35mSQL (0.4ms)[0m  DELETE FROM "todo_items" WHERE "todo_items"."id" = ?  [["id", 3]]
  [1m[36m (4.9ms)[0m  [1mcommit transaction[0m
  [1m[35m (0.1ms)[0m  begin transaction
  [1m[36mSQL (0.2ms)[0m  [1mINSERT INTO "todo_items" ("title", "due_date", "description", "created_at", "updated_at") VALUES (?, ?, ?, ?, ?)[0m  [["title", "Task 1"], ["due_date", "2020-11-22"], ["description", "very important task TEST"], ["created_at", "2020-11-22 12:08:58.507081"], ["updated_at", "2020-11-22 12:08:58.507081"]]
  [1m[35m (4.8ms)[0m  commit transaction
  [1m[36m (0.1ms)[0m  [1mbegin transaction[0m
  [1m[35mSQL (0.2ms)[0m  INSERT INTO "todo_items" ("title", "due_date", "description", "completed", "created_at", "updated_at") VALUES (?, ?, ?, ?, ?, ?)  [["title", "Task 2"], ["due_date", "2020-11-20"], ["description", "learn ruby TEST"], ["completed", "t"], ["created_at", "2020-11-22 12:08:58.514390"], ["updated_at", "2020-11-22 12:08:58.514390"]]
  [1m[36m (4.8ms)[0m  [1mcommit transaction[0m
  [1m[35m (0.1ms)[0m  begin transaction
  [1m[36mSQL (0.1ms)[0m  [1mINSERT INTO "todo_items" ("title", "due_date", "description", "completed", "created_at", "updated_at") VALUES (?, ?, ?, ?, ?, ?)[0m  [["title", "Task 3"], ["due_date", "2020-11-19"], ["description", "learn Active Record TEST"], ["completed", "t"], ["created_at", "2020-11-22 12:08:58.520878"], ["updated_at", "2020-11-22 12:08:58.520878"]]
  [1m[35m (4.8ms)[0m  commit transaction


Started GET "/todo_items/new" for 127.0.0.1 at 2020-11-22 19:13:28 +0700
Processing by TodoItemsController#new as HTML
  Rendered todo_items/_form.html.erb (2.8ms)
  Rendered todo_items/new.html.erb within layouts/application (3.3ms)
Completed 200 OK in 21ms (Views: 14.8ms | ActiveRecord: 0.5ms)


Started GET "/todo_items/new" for 127.0.0.1 at 2020-11-22 19:13:31 +0700
Processing by TodoItemsController#new as HTML
  Rendered todo_items/_form.html.erb (6.9ms)
  Rendered todo_items/new.html.erb within layouts/application (7.5ms)
Completed 200 OK in 18ms (Views: 17.7ms | ActiveRecord: 0.0ms)


Started GET "/todo_items/new" for 127.0.0.1 at 2020-11-22 19:13:46 +0700
  [1m[36mActiveRecord::SchemaMigration Load (0.1ms)[0m  [1mSELECT "schema_migrations".* FROM "schema_migrations"[0m
Processing by TodoItemsController#new as HTML
  Rendered todo_items/_form.html.erb (14.4ms)
  Rendered todo_items/new.html.erb within layouts/application (16.9ms)
Completed 200 OK in 206ms (Views: 195.7ms | ActiveRecord: 0.2ms)


Started GET "/todo_items/new" for 127.0.0.1 at 2020-11-22 19:13:53 +0700
Processing by TodoItemsController#new as HTML
  Rendered todo_items/_form.html.erb (2.7ms)
  Rendered todo_items/new.html.erb within layouts/application (3.3ms)
Completed 200 OK in 17ms (Views: 16.0ms | ActiveRecord: 0.0ms)


Started GET "/todo_items/new" for 127.0.0.1 at 2020-11-22 19:14:37 +0700
Processing by TodoItemsController#new as HTML
  Rendered todo_items/_form.html.erb (2.0ms)
  Rendered todo_items/new.html.erb within layouts/application (2.3ms)
Completed 200 OK in 15ms (Views: 14.7ms | ActiveRecord: 0.0ms)
  [1m[36mTodoItem Load (0.2ms)[0m  [1mSELECT "todo_items".* FROM "todo_items" WHERE "todo_items"."completed" = ?[0m  [["completed", "t"]]
  [1m[35mTodoItem Load (0.1ms)[0m  SELECT  "todo_items".* FROM "todo_items" WHERE "todo_items"."id" = ? LIMIT 1  [["id", nil]]
  [1m[36mTodoItem Load (0.2ms)[0m  [1mSELECT  "todo_items".* FROM "todo_items" WHERE "todo_items"."completed" = ? LIMIT 1[0m  [["completed", "t"]]
  [1m[35m (0.3ms)[0m  SELECT COUNT(*) FROM "todo_items" WHERE "todo_items"."completed" = ?  [["completed", "t"]]
  [1m[36mTodoItem Load (0.1ms)[0m  [1mSELECT  "todo_items".* FROM "todo_items" WHERE "todo_items"."completed" = ? LIMIT 1[0m  [["completed", "t"]]
  [1m[35mTodoItem Load (0.2ms)[0m  SELECT "todo_items".* FROM "todo_items" WHERE "todo_items"."completed" = ?  [["completed", "t"]]


Started GET "/" for 127.0.0.1 at 2020-11-22 19:30:39 +0700
Processing by Rails::WelcomeController#index as HTML
  Rendered /usr/local/lib/ruby/gems/2.7.0/gems/railties-4.2.8/lib/rails/templates/rails/welcome/index.html.erb (0.5ms)
Completed 200 OK in 2ms (Views: 1.4ms | ActiveRecord: 0.0ms)


Started GET "/index" for 127.0.0.1 at 2020-11-22 19:30:42 +0700

ActionController::RoutingError (No route matches [GET] "/index"):
  actionpack (4.2.8) lib/action_dispatch/middleware/debug_exceptions.rb:21:in `call'
  web-console (2.3.0) lib/web_console/middleware.rb:28:in `block in call'
  web-console (2.3.0) lib/web_console/middleware.rb:18:in `catch'
  web-console (2.3.0) lib/web_console/middleware.rb:18:in `call'
  actionpack (4.2.8) lib/action_dispatch/middleware/show_exceptions.rb:30:in `call'
  railties (4.2.8) lib/rails/rack/logger.rb:38:in `call_app'
  railties (4.2.8) lib/rails/rack/logger.rb:20:in `block in call'
  activesupport (4.2.8) lib/active_support/tagged_logging.rb:68:in `block in tagged'
  activesupport (4.2.8) lib/active_support/tagged_logging.rb:26:in `tagged'
  activesupport (4.2.8) lib/active_support/tagged_logging.rb:68:in `tagged'
  railties (4.2.8) lib/rails/rack/logger.rb:20:in `call'
  actionpack (4.2.8) lib/action_dispatch/middleware/request_id.rb:21:in `call'
  rack (1.6.13) lib/rack/methodoverride.rb:22:in `call'
  rack (1.6.13) lib/rack/runtime.rb:18:in `call'
  activesupport (4.2.8) lib/active_support/cache/strategy/local_cache_middleware.rb:28:in `call'
  rack (1.6.13) lib/rack/lock.rb:17:in `call'
  actionpack (4.2.8) lib/action_dispatch/middleware/static.rb:120:in `call'
  rack (1.6.13) lib/rack/sendfile.rb:113:in `call'
  railties (4.2.8) lib/rails/engine.rb:518:in `call'
  railties (4.2.8) lib/rails/application.rb:165:in `call'
  rack (1.6.13) lib/rack/lock.rb:17:in `call'
  rack (1.6.13) lib/rack/content_length.rb:15:in `call'
  rack (1.6.13) lib/rack/handler/webrick.rb:88:in `service'
  /usr/local/lib/ruby/2.7.0/webrick/httpserver.rb:140:in `service'
  /usr/local/lib/ruby/2.7.0/webrick/httpserver.rb:96:in `run'
  /usr/local/lib/ruby/2.7.0/webrick/server.rb:307:in `block in start_thread'


  Rendered /usr/local/lib/ruby/gems/2.7.0/gems/actionpack-4.2.8/lib/action_dispatch/middleware/templates/rescues/_trace.html.erb (0.8ms)
  Rendered /usr/local/lib/ruby/gems/2.7.0/gems/actionpack-4.2.8/lib/action_dispatch/middleware/templates/routes/_route.html.erb (1.0ms)
  Rendered /usr/local/lib/ruby/gems/2.7.0/gems/actionpack-4.2.8/lib/action_dispatch/middleware/templates/routes/_table.html.erb (1.8ms)
  Rendered /usr/local/lib/ruby/gems/2.7.0/gems/actionpack-4.2.8/lib/action_dispatch/middleware/templates/rescues/_request_and_response.html.erb (1.1ms)
  Rendered /usr/local/lib/ruby/gems/2.7.0/gems/actionpack-4.2.8/lib/action_dispatch/middleware/templates/rescues/routing_error.html.erb within rescues/layout (14.1ms)
  Rendered /usr/local/lib/ruby/gems/2.7.0/gems/web-console-2.3.0/lib/web_console/templates/_markup.html.erb (0.3ms)
  Rendered /usr/local/lib/ruby/gems/2.7.0/gems/web-console-2.3.0/lib/web_console/templates/_inner_console_markup.html.erb within layouts/inlined_string (0.3ms)
  Rendered /usr/local/lib/ruby/gems/2.7.0/gems/web-console-2.3.0/lib/web_console/templates/_prompt_box_markup.html.erb within layouts/inlined_string (0.2ms)
  Rendered /usr/local/lib/ruby/gems/2.7.0/gems/web-console-2.3.0/lib/web_console/templates/style.css.erb within layouts/inlined_string (0.2ms)
  Rendered /usr/local/lib/ruby/gems/2.7.0/gems/web-console-2.3.0/lib/web_console/templates/console.js.erb within layouts/javascript (9.0ms)
  Rendered /usr/local/lib/ruby/gems/2.7.0/gems/web-console-2.3.0/lib/web_console/templates/main.js.erb within layouts/javascript (0.2ms)
  Rendered /usr/local/lib/ruby/gems/2.7.0/gems/web-console-2.3.0/lib/web_console/templates/error_page.js.erb within layouts/javascript (0.3ms)
  Rendered /usr/local/lib/ruby/gems/2.7.0/gems/web-console-2.3.0/lib/web_console/templates/index.html.erb (17.4ms)


Started GET "/index.html" for 127.0.0.1 at 2020-11-22 19:30:46 +0700

ActionController::RoutingError (No route matches [GET] "/index.html"):
  actionpack (4.2.8) lib/action_dispatch/middleware/debug_exceptions.rb:21:in `call'
  web-console (2.3.0) lib/web_console/middleware.rb:28:in `block in call'
  web-console (2.3.0) lib/web_console/middleware.rb:18:in `catch'
  web-console (2.3.0) lib/web_console/middleware.rb:18:in `call'
  actionpack (4.2.8) lib/action_dispatch/middleware/show_exceptions.rb:30:in `call'
  railties (4.2.8) lib/rails/rack/logger.rb:38:in `call_app'
  railties (4.2.8) lib/rails/rack/logger.rb:20:in `block in call'
  activesupport (4.2.8) lib/active_support/tagged_logging.rb:68:in `block in tagged'
  activesupport (4.2.8) lib/active_support/tagged_logging.rb:26:in `tagged'
  activesupport (4.2.8) lib/active_support/tagged_logging.rb:68:in `tagged'
  railties (4.2.8) lib/rails/rack/logger.rb:20:in `call'
  actionpack (4.2.8) lib/action_dispatch/middleware/request_id.rb:21:in `call'
  rack (1.6.13) lib/rack/methodoverride.rb:22:in `call'
  rack (1.6.13) lib/rack/runtime.rb:18:in `call'
  activesupport (4.2.8) lib/active_support/cache/strategy/local_cache_middleware.rb:28:in `call'
  rack (1.6.13) lib/rack/lock.rb:17:in `call'
  actionpack (4.2.8) lib/action_dispatch/middleware/static.rb:120:in `call'
  rack (1.6.13) lib/rack/sendfile.rb:113:in `call'
  railties (4.2.8) lib/rails/engine.rb:518:in `call'
  railties (4.2.8) lib/rails/application.rb:165:in `call'
  rack (1.6.13) lib/rack/lock.rb:17:in `call'
  rack (1.6.13) lib/rack/content_length.rb:15:in `call'
  rack (1.6.13) lib/rack/handler/webrick.rb:88:in `service'
  /usr/local/lib/ruby/2.7.0/webrick/httpserver.rb:140:in `service'
  /usr/local/lib/ruby/2.7.0/webrick/httpserver.rb:96:in `run'
  /usr/local/lib/ruby/2.7.0/webrick/server.rb:307:in `block in start_thread'


  Rendered /usr/local/lib/ruby/gems/2.7.0/gems/actionpack-4.2.8/lib/action_dispatch/middleware/templates/rescues/_trace.html.erb (1.1ms)
  Rendered /usr/local/lib/ruby/gems/2.7.0/gems/actionpack-4.2.8/lib/action_dispatch/middleware/templates/routes/_route.html.erb (0.6ms)
  Rendered /usr/local/lib/ruby/gems/2.7.0/gems/actionpack-4.2.8/lib/action_dispatch/middleware/templates/routes/_table.html.erb (0.7ms)
  Rendered /usr/local/lib/ruby/gems/2.7.0/gems/actionpack-4.2.8/lib/action_dispatch/middleware/templates/rescues/_request_and_response.html.erb (1.3ms)
  Rendered /usr/local/lib/ruby/gems/2.7.0/gems/actionpack-4.2.8/lib/action_dispatch/middleware/templates/rescues/routing_error.html.erb within rescues/layout (14.2ms)
  Rendered /usr/local/lib/ruby/gems/2.7.0/gems/web-console-2.3.0/lib/web_console/templates/_markup.html.erb (0.4ms)
  Rendered /usr/local/lib/ruby/gems/2.7.0/gems/web-console-2.3.0/lib/web_console/templates/_inner_console_markup.html.erb within layouts/inlined_string (0.2ms)
  Rendered /usr/local/lib/ruby/gems/2.7.0/gems/web-console-2.3.0/lib/web_console/templates/_prompt_box_markup.html.erb within layouts/inlined_string (0.2ms)
  Rendered /usr/local/lib/ruby/gems/2.7.0/gems/web-console-2.3.0/lib/web_console/templates/style.css.erb within layouts/inlined_string (0.2ms)
  Rendered /usr/local/lib/ruby/gems/2.7.0/gems/web-console-2.3.0/lib/web_console/templates/console.js.erb within layouts/javascript (8.2ms)
  Rendered /usr/local/lib/ruby/gems/2.7.0/gems/web-console-2.3.0/lib/web_console/templates/main.js.erb within layouts/javascript (0.4ms)
  Rendered /usr/local/lib/ruby/gems/2.7.0/gems/web-console-2.3.0/lib/web_console/templates/error_page.js.erb within layouts/javascript (0.4ms)
  Rendered /usr/local/lib/ruby/gems/2.7.0/gems/web-console-2.3.0/lib/web_console/templates/index.html.erb (19.2ms)


Started GET "/" for 127.0.0.1 at 2020-11-22 19:30:53 +0700
Processing by Rails::WelcomeController#index as HTML
  Rendered /usr/local/lib/ruby/gems/2.7.0/gems/railties-4.2.8/lib/rails/templates/rails/welcome/index.html.erb (0.1ms)
Completed 200 OK in 1ms (Views: 0.6ms | ActiveRecord: 0.0ms)


Started GET "/todo_items" for 127.0.0.1 at 2020-11-22 19:31:26 +0700
Processing by TodoItemsController#index as HTML
  [1m[35mTodoItem Load (0.4ms)[0m  SELECT "todo_items".* FROM "todo_items"
  Rendered todo_items/index.html.erb within layouts/application (18.6ms)
Completed 200 OK in 36ms (Views: 33.0ms | ActiveRecord: 0.7ms)


Started GET "/todo_items" for 127.0.0.1 at 2020-11-22 19:34:36 +0700
Processing by TodoItemsController#index as HTML
  [1m[36m (0.1ms)[0m  [1mSELECT COUNT(*) FROM "todo_items" WHERE "todo_items"."completed" = ?[0m  [["completed", "t"]]
  [1m[35mTodoItem Load (0.1ms)[0m  SELECT "todo_items".* FROM "todo_items"
  Rendered todo_items/index.html.erb within layouts/application (4.6ms)
Completed 200 OK in 22ms (Views: 15.9ms | ActiveRecord: 0.8ms)


Started GET "/todo_items" for 127.0.0.1 at 2020-11-22 19:34:44 +0700
Processing by TodoItemsController#index as HTML
  [1m[36m (0.1ms)[0m  [1mSELECT COUNT(*) FROM "todo_items" WHERE "todo_items"."completed" = ?[0m  [["completed", "t"]]
  [1m[35mTodoItem Load (0.1ms)[0m  SELECT "todo_items".* FROM "todo_items"
  Rendered todo_items/index.html.erb within layouts/application (1.8ms)
Completed 200 OK in 17ms (Views: 15.9ms | ActiveRecord: 0.2ms)


Started GET "/todo_items" for 127.0.0.1 at 2020-11-22 19:34:54 +0700
Processing by TodoItemsController#index as HTML
  [1m[36m (0.1ms)[0m  [1mSELECT COUNT(*) FROM "todo_items" WHERE "todo_items"."completed" = ?[0m  [["completed", "t"]]
  [1m[35mTodoItem Load (0.1ms)[0m  SELECT "todo_items".* FROM "todo_items"
  Rendered todo_items/index.html.erb within layouts/application (1.7ms)
Completed 200 OK in 16ms (Views: 12.9ms | ActiveRecord: 0.3ms)


Started GET "/todo_items" for 127.0.0.1 at 2020-11-22 19:35:39 +0700
Processing by TodoItemsController#index as HTML
  [1m[36m (0.1ms)[0m  [1mSELECT COUNT(*) FROM "todo_items" WHERE "todo_items"."completed" = ?[0m  [["completed", "t"]]
  [1m[35mTodoItem Load (0.2ms)[0m  SELECT "todo_items".* FROM "todo_items"
  Rendered todo_items/index.html.erb within layouts/application (3.9ms)
Completed 200 OK in 17ms (Views: 15.2ms | ActiveRecord: 0.3ms)


Started GET "/todo_items" for 127.0.0.1 at 2020-11-22 19:35:46 +0700
Processing by TodoItemsController#index as HTML
  [1m[36m (0.1ms)[0m  [1mSELECT COUNT(*) FROM "todo_items" WHERE "todo_items"."completed" = ?[0m  [["completed", "t"]]
  [1m[35mTodoItem Load (0.1ms)[0m  SELECT "todo_items".* FROM "todo_items"
  Rendered todo_items/index.html.erb within layouts/application (2.4ms)
Completed 200 OK in 17ms (Views: 15.2ms | ActiveRecord: 0.3ms)


Started GET "/todo_items" for 127.0.0.1 at 2020-11-22 19:37:11 +0700
Processing by TodoItemsController#index as HTML
  [1m[36m (0.1ms)[0m  [1mSELECT COUNT(*) FROM "todo_items" WHERE "todo_items"."completed" = ?[0m  [["completed", "t"]]
  [1m[35mTodoItem Load (0.1ms)[0m  SELECT "todo_items".* FROM "todo_items"
  Rendered todo_items/index.html.erb within layouts/application (3.5ms)
Completed 200 OK in 16ms (Views: 14.6ms | ActiveRecord: 0.2ms)


Started GET "/todo_items" for 127.0.0.1 at 2020-11-22 19:37:32 +0700
Processing by TodoItemsController#index as HTML
  [1m[36m (0.1ms)[0m  [1mSELECT COUNT(*) FROM "todo_items" WHERE "todo_items"."completed" = ?[0m  [["completed", "t"]]
  [1m[35mTodoItem Load (0.1ms)[0m  SELECT "todo_items".* FROM "todo_items"
  Rendered todo_items/index.html.erb within layouts/application (1.1ms)
Completed 200 OK in 19ms (Views: 17.7ms | ActiveRecord: 0.2ms)


Started GET "/assets/scaffolds.self-cde7f197573d039c31686a2b76dac0c28b1ecc9058fa5af7f4af7b0bdf7586b4.css?body=1" for 127.0.0.1 at 2020-11-22 19:37:32 +0700


Started GET "/assets/todo_items.self-e3b0c44298fc1c149afbf4c8996fb92427ae41e4649b934ca495991b7852b855.css?body=1" for 127.0.0.1 at 2020-11-22 19:37:32 +0700


Started GET "/assets/jquery.self-bd7ddd393353a8d2480a622e80342adf488fb6006d667e8b42e4c0073393abee.js?body=1" for 127.0.0.1 at 2020-11-22 19:37:32 +0700


Started GET "/assets/application.self-e80e8f2318043e8af94dddc2adad5a4f09739a8ebb323b3ab31cd71d45fd9113.css?body=1" for 127.0.0.1 at 2020-11-22 19:37:32 +0700


Started GET "/assets/jquery_ujs.self-784a997f6726036b1993eb2217c9cb558e1cbb801c6da88105588c56f13b466a.js?body=1" for 127.0.0.1 at 2020-11-22 19:37:32 +0700


Started GET "/assets/turbolinks.self-569ee74eaa15c1e2019317ff770b8769b1ec033a0f572a485f64c82ddc8f989e.js?body=1" for 127.0.0.1 at 2020-11-22 19:37:32 +0700


Started GET "/assets/todo_items.self-877aef30ae1b040ab8a3aba4e3e309a11d7f2612f44dde450b5c157aa5f95c05.js?body=1" for 127.0.0.1 at 2020-11-22 19:37:32 +0700


Started GET "/assets/application.self-3b8dabdc891efe46b9a144b400ad69e37d7e5876bdc39dee783419a69d7ca819.js?body=1" for 127.0.0.1 at 2020-11-22 19:37:32 +0700


Started GET "/todo_items" for 127.0.0.1 at 2020-11-22 19:39:54 +0700
Processing by TodoItemsController#index as HTML
  [1m[36m (0.2ms)[0m  [1mSELECT COUNT(*) FROM "todo_items" WHERE "todo_items"."completed" = ?[0m  [["completed", "t"]]
  [1m[35mTodoItem Load (0.6ms)[0m  SELECT "todo_items".* FROM "todo_items"
  Rendered todo_items/index.html.erb within layouts/application (9.8ms)
Completed 200 OK in 34ms (Views: 27.2ms | ActiveRecord: 2.1ms)


Started GET "/todo_items" for 127.0.0.1 at 2020-11-22 19:40:20 +0700
Processing by TodoItemsController#index as HTML
  [1m[36m (0.1ms)[0m  [1mSELECT COUNT(*) FROM "todo_items" WHERE "todo_items"."completed" = ?[0m  [["completed", "t"]]
  [1m[35mTodoItem Load (0.3ms)[0m  SELECT "todo_items".* FROM "todo_items"
  Rendered todo_items/index.html.erb within layouts/application (7.7ms)
Completed 200 OK in 30ms (Views: 26.0ms | ActiveRecord: 0.4ms)


Started GET "/todo_items/1" for 127.0.0.1 at 2020-11-22 20:06:40 +0700
Processing by TodoItemsController#show as HTML
  Parameters: {"id"=>"1"}
  [1m[36mTodoItem Load (0.2ms)[0m  [1mSELECT  "todo_items".* FROM "todo_items" WHERE "todo_items"."id" = ? LIMIT 1[0m  [["id", 1]]
Completed 404 Not Found in 3ms (ActiveRecord: 0.2ms)

ActiveRecord::RecordNotFound (Couldn't find TodoItem with 'id'=1):
  app/controllers/todo_items_controller.rb:68:in `set_todo_item'


  Rendered /usr/local/lib/ruby/gems/2.7.0/gems/actionpack-4.2.8/lib/action_dispatch/middleware/templates/rescues/_source.erb (2.7ms)
  Rendered /usr/local/lib/ruby/gems/2.7.0/gems/actionpack-4.2.8/lib/action_dispatch/middleware/templates/rescues/_trace.html.erb (1.3ms)
  Rendered /usr/local/lib/ruby/gems/2.7.0/gems/actionpack-4.2.8/lib/action_dispatch/middleware/templates/rescues/_request_and_response.html.erb (1.7ms)
  Rendered /usr/local/lib/ruby/gems/2.7.0/gems/actionpack-4.2.8/lib/action_dispatch/middleware/templates/rescues/diagnostics.html.erb within rescues/layout (12.9ms)
  Rendered /usr/local/lib/ruby/gems/2.7.0/gems/web-console-2.3.0/lib/web_console/templates/_markup.html.erb (0.3ms)
  Rendered /usr/local/lib/ruby/gems/2.7.0/gems/web-console-2.3.0/lib/web_console/templates/_inner_console_markup.html.erb within layouts/inlined_string (0.2ms)
  Rendered /usr/local/lib/ruby/gems/2.7.0/gems/web-console-2.3.0/lib/web_console/templates/_prompt_box_markup.html.erb within layouts/inlined_string (0.2ms)
  Rendered /usr/local/lib/ruby/gems/2.7.0/gems/web-console-2.3.0/lib/web_console/templates/style.css.erb within layouts/inlined_string (0.7ms)
  Rendered /usr/local/lib/ruby/gems/2.7.0/gems/web-console-2.3.0/lib/web_console/templates/console.js.erb within layouts/javascript (10.2ms)
  Rendered /usr/local/lib/ruby/gems/2.7.0/gems/web-console-2.3.0/lib/web_console/templates/main.js.erb within layouts/javascript (0.3ms)
  Rendered /usr/local/lib/ruby/gems/2.7.0/gems/web-console-2.3.0/lib/web_console/templates/error_page.js.erb within layouts/javascript (1.2ms)
  Rendered /usr/local/lib/ruby/gems/2.7.0/gems/web-console-2.3.0/lib/web_console/templates/index.html.erb (22.5ms)


Started GET "/todo_items/" for 127.0.0.1 at 2020-11-22 20:07:02 +0700
Processing by TodoItemsController#index as HTML
  [1m[35m (0.1ms)[0m  SELECT COUNT(*) FROM "todo_items" WHERE "todo_items"."completed" = ?  [["completed", "t"]]
  [1m[36mTodoItem Load (0.2ms)[0m  [1mSELECT "todo_items".* FROM "todo_items"[0m
  Rendered todo_items/index.html.erb within layouts/application (1.9ms)
Completed 200 OK in 22ms (Views: 19.8ms | ActiveRecord: 0.3ms)


Started GET "/todo_items/4" for 127.0.0.1 at 2020-11-22 20:07:05 +0700
Processing by TodoItemsController#show as HTML
  Parameters: {"id"=>"4"}
  [1m[35mTodoItem Load (0.1ms)[0m  SELECT  "todo_items".* FROM "todo_items" WHERE "todo_items"."id" = ? LIMIT 1  [["id", 4]]
  Rendered todo_items/show.html.erb within layouts/application (1.0ms)
Completed 200 OK in 25ms (Views: 24.1ms | ActiveRecord: 0.1ms)


Started GET "/todo_items/5" for 127.0.0.1 at 2020-11-22 20:07:09 +0700
Processing by TodoItemsController#show as HTML
  Parameters: {"id"=>"5"}
  [1m[36mTodoItem Load (0.2ms)[0m  [1mSELECT  "todo_items".* FROM "todo_items" WHERE "todo_items"."id" = ? LIMIT 1[0m  [["id", 5]]
  Rendered todo_items/show.html.erb within layouts/application (0.5ms)
Completed 200 OK in 22ms (Views: 20.6ms | ActiveRecord: 0.2ms)


Started GET "/todo_items/6" for 127.0.0.1 at 2020-11-22 20:07:12 +0700
Processing by TodoItemsController#show as HTML
  Parameters: {"id"=>"6"}
  [1m[35mTodoItem Load (0.1ms)[0m  SELECT  "todo_items".* FROM "todo_items" WHERE "todo_items"."id" = ? LIMIT 1  [["id", 6]]
  Rendered todo_items/show.html.erb within layouts/application (0.4ms)
Completed 200 OK in 17ms (Views: 16.1ms | ActiveRecord: 0.1ms)


Started GET "/todo_items/6/edit" for 127.0.0.1 at 2020-11-22 20:07:13 +0700
Processing by TodoItemsController#edit as HTML
  Parameters: {"id"=>"6"}
  [1m[36mTodoItem Load (0.2ms)[0m  [1mSELECT  "todo_items".* FROM "todo_items" WHERE "todo_items"."id" = ? LIMIT 1[0m  [["id", 6]]
  Rendered todo_items/_form.html.erb (3.9ms)
  Rendered todo_items/edit.html.erb within layouts/application (7.1ms)
Completed 200 OK in 25ms (Views: 23.0ms | ActiveRecord: 0.2ms)
